2023-10-24 22:13:37.414 [main] INFO  org.example.Main - [ADDITION OPERATION] [SUCCESS] 1.0+2.0
2023-10-24 22:13:37.416 [main] INFO  org.example.Main - [ADDITION OPERATION] [RESULT] 3.0
2023-10-24 22:13:37.417 [main] INFO  org.example.Main - [MULTIPLICATION OPERATION] [SUCCESS] 2.0*3.0
2023-10-24 22:13:37.418 [main] INFO  org.example.Main - [MULTIPLICATION OPERATION] [RESULT] 6.0
2023-10-24 22:13:37.423 [main] INFO  org.example.Main - [MULTIPLICATION OPERATION] [SUCCESS] 2.0*3.0
2023-10-24 22:13:37.423 [main] INFO  org.example.Main - [MULTIPLICATION OPERATION] [RESULT] 6.0
2023-10-24 22:13:37.424 [main] INFO  org.example.Main - [DIVISION OPERATION] [SUCCESS] 2.0/2.0
2023-10-24 22:13:37.425 [main] INFO  org.example.Main - [DIVISION OPERATION] [RESULT] 1.0
2023-10-24 22:13:37.426 [main] INFO  org.example.Main - [DIVISION OPERATION] [SUCCESS] 2.0/2.0
2023-10-24 22:13:37.427 [main] INFO  org.example.Main - [DIVISION OPERATION] [RESULT] 1.0
2023-10-24 22:13:37.427 [main] INFO  org.example.Main - [SUBTRACTION OPERATION] [SUCCESS] 2.0-2.0
2023-10-24 22:13:37.428 [main] INFO  org.example.Main - [SUBTRACTION OPERATION] [RESULT] 0.0
2023-10-24 22:13:37.429 [main] INFO  org.example.Main - [SUBTRACTION OPERATION] [SUCCESS] 2.0-2.0
2023-10-24 22:13:37.429 [main] INFO  org.example.Main - [SUBTRACTION OPERATION] [RESULT] 0.0
2023-10-24 22:13:37.430 [main] INFO  org.example.Main - [ADDITION OPERATION] [SUCCESS] 1.0+2.0
2023-10-24 22:13:37.430 [main] INFO  org.example.Main - [ADDITION OPERATION] [RESULT] 3.0
2023-10-24 22:15:14.310 [main] INFO  org.example.Main - [ADDITION OPERATION] [SUCCESS] 1.0+2.0
2023-10-24 22:15:14.312 [main] INFO  org.example.Main - [ADDITION OPERATION] [RESULT] 3.0
2023-10-24 22:15:14.314 [main] INFO  org.example.Main - [MULTIPLICATION OPERATION] [SUCCESS] 2.0*3.0
2023-10-24 22:15:14.314 [main] INFO  org.example.Main - [MULTIPLICATION OPERATION] [RESULT] 6.0
2023-10-24 22:15:14.315 [main] INFO  org.example.Main - [MULTIPLICATION OPERATION] [SUCCESS] 2.0*3.0
2023-10-24 22:15:14.315 [main] INFO  org.example.Main - [MULTIPLICATION OPERATION] [RESULT] 6.0
2023-10-24 22:15:14.316 [main] INFO  org.example.Main - [DIVISION OPERATION] [SUCCESS] 2.0/2.0
2023-10-24 22:15:14.316 [main] INFO  org.example.Main - [DIVISION OPERATION] [RESULT] 1.0
2023-10-24 22:15:14.317 [main] INFO  org.example.Main - [DIVISION OPERATION] [SUCCESS] 2.0/2.0
2023-10-24 22:15:14.317 [main] INFO  org.example.Main - [DIVISION OPERATION] [RESULT] 1.0
2023-10-24 22:15:14.318 [main] INFO  org.example.Main - [SUBTRACTION OPERATION] [SUCCESS] 2.0-2.0
2023-10-24 22:15:14.318 [main] INFO  org.example.Main - [SUBTRACTION OPERATION] [RESULT] 0.0
2023-10-24 22:15:14.319 [main] INFO  org.example.Main - [SUBTRACTION OPERATION] [SUCCESS] 2.0-2.0
2023-10-24 22:15:14.319 [main] INFO  org.example.Main - [SUBTRACTION OPERATION] [RESULT] 0.0
2023-10-24 22:15:14.320 [main] INFO  org.example.Main - [ADDITION OPERATION] [SUCCESS] 1.0+2.0
2023-10-24 22:15:14.320 [main] INFO  org.example.Main - [ADDITION OPERATION] [RESULT] 3.0
2023-11-06 10:54:40.394 [main] INFO  org.example.Main - START OP: Add
2023-11-06 10:54:40.397 [main] INFO  org.example.Main - [ADDITION OPERATION] [SUCCESS] 1.0+2.0
2023-11-06 10:54:40.397 [main] INFO  org.example.Main - [ADDITION OPERATION] [RESULT] 3.0
2023-11-06 10:54:40.397 [main] INFO  org.example.Main - END OP: Add
2023-11-06 10:54:40.398 [main] INFO  org.example.Main - START OP: Mult
2023-11-06 10:54:40.398 [main] INFO  org.example.Main - [MULTIPLICATION OPERATION] [SUCCESS] 2.0*3.0
2023-11-06 10:54:40.398 [main] INFO  org.example.Main - [MULTIPLICATION OPERATION] [RESULT] 6.0
2023-11-06 10:54:40.398 [main] INFO  org.example.Main - END OP: Mult
2023-11-06 10:54:40.399 [main] INFO  org.example.Main - START OP: Mult
2023-11-06 10:54:40.399 [main] INFO  org.example.Main - [MULTIPLICATION OPERATION] [SUCCESS] 2.0*3.0
2023-11-06 10:54:40.399 [main] INFO  org.example.Main - [MULTIPLICATION OPERATION] [RESULT] 6.0
2023-11-06 10:54:40.399 [main] INFO  org.example.Main - END OP: Mult
2023-11-06 10:54:40.399 [main] INFO  org.example.Main - START OP: Div
2023-11-06 10:54:40.399 [main] INFO  org.example.Main - [DIVISION OPERATION] [SUCCESS] 2.0/2.0
2023-11-06 10:54:40.400 [main] INFO  org.example.Main - [DIVISION OPERATION] [RESULT] 1.0
2023-11-06 10:54:40.400 [main] INFO  org.example.Main - END OP: Div
2023-11-06 10:54:40.400 [main] INFO  org.example.Main - START OP: Div
2023-11-06 10:54:40.400 [main] INFO  org.example.Main - [DIVISION OPERATION] [SUCCESS] 2.0/2.0
2023-11-06 10:54:40.400 [main] INFO  org.example.Main - [DIVISION OPERATION] [RESULT] 1.0
2023-11-06 10:54:40.400 [main] INFO  org.example.Main - END OP: Div
2023-11-06 10:54:40.401 [main] INFO  org.example.Main - START OP: Sub
2023-11-06 10:54:40.401 [main] INFO  org.example.Main - [SUBTRACTION OPERATION] [SUCCESS] 2.0-2.0
2023-11-06 10:54:40.401 [main] INFO  org.example.Main - [SUBTRACTION OPERATION] [RESULT] 0.0
2023-11-06 10:54:40.401 [main] INFO  org.example.Main - END OP: Sub
2023-11-06 10:54:40.401 [main] INFO  org.example.Main - START OP: Sub
2023-11-06 10:54:40.401 [main] INFO  org.example.Main - [SUBTRACTION OPERATION] [SUCCESS] 2.0-2.0
2023-11-06 10:54:40.402 [main] INFO  org.example.Main - [SUBTRACTION OPERATION] [RESULT] 0.0
2023-11-06 10:54:40.402 [main] INFO  org.example.Main - END OP: Sub
2023-11-06 10:54:40.402 [main] INFO  org.example.Main - START OP: Add
2023-11-06 10:54:40.402 [main] INFO  org.example.Main - [ADDITION OPERATION] [SUCCESS] 1.0+2.0
2023-11-06 10:54:40.403 [main] INFO  org.example.Main - [ADDITION OPERATION] [RESULT] 3.0
2023-11-06 10:54:40.403 [main] INFO  org.example.Main - END OP: Add
2023-11-06 10:56:23.003 [main] INFO  org.example.Main - START OP: Add
2023-11-06 10:56:23.005 [main] INFO  org.example.Main - [ADDITION OPERATION] [SUCCESS] 1.0+2.0
2023-11-06 10:56:23.006 [main] INFO  org.example.Main - [ADDITION OPERATION] [RESULT] 3.0
2023-11-06 10:56:23.006 [main] INFO  org.example.Main - END OP: Add
2023-11-06 10:56:23.006 [main] INFO  org.example.Main - START OP: Mult
2023-11-06 10:56:23.006 [main] INFO  org.example.Main - [MULTIPLICATION OPERATION] [SUCCESS] 2.0*3.0
2023-11-06 10:56:23.006 [main] INFO  org.example.Main - [MULTIPLICATION OPERATION] [RESULT] 6.0
2023-11-06 10:56:23.007 [main] INFO  org.example.Main - END OP: Mult
2023-11-06 10:56:23.007 [main] INFO  org.example.Main - START OP: Mult
2023-11-06 10:56:23.007 [main] INFO  org.example.Main - [MULTIPLICATION OPERATION] [SUCCESS] 2.0*3.0
2023-11-06 10:56:23.007 [main] INFO  org.example.Main - [MULTIPLICATION OPERATION] [RESULT] 6.0
2023-11-06 10:56:23.007 [main] INFO  org.example.Main - END OP: Mult
2023-11-06 10:56:23.007 [main] INFO  org.example.Main - START OP: Div
2023-11-06 10:56:23.007 [main] INFO  org.example.Main - [DIVISION OPERATION] [SUCCESS] 2.0/2.0
2023-11-06 10:56:23.007 [main] INFO  org.example.Main - [DIVISION OPERATION] [RESULT] 1.0
2023-11-06 10:56:23.007 [main] INFO  org.example.Main - END OP: Div
2023-11-06 10:56:23.008 [main] INFO  org.example.Main - START OP: Div
2023-11-06 10:56:23.008 [main] INFO  org.example.Main - [DIVISION OPERATION] [SUCCESS] 2.0/2.0
2023-11-06 10:56:23.008 [main] INFO  org.example.Main - [DIVISION OPERATION] [RESULT] 1.0
2023-11-06 10:56:23.008 [main] INFO  org.example.Main - END OP: Div
2023-11-06 10:56:23.008 [main] INFO  org.example.Main - START OP: Sub
2023-11-06 10:56:23.008 [main] INFO  org.example.Main - [SUBTRACTION OPERATION] [SUCCESS] 2.0-2.0
2023-11-06 10:56:23.008 [main] INFO  org.example.Main - [SUBTRACTION OPERATION] [RESULT] 0.0
2023-11-06 10:56:23.008 [main] INFO  org.example.Main - END OP: Sub
2023-11-06 10:56:23.008 [main] INFO  org.example.Main - START OP: Sub
2023-11-06 10:56:23.009 [main] INFO  org.example.Main - [SUBTRACTION OPERATION] [SUCCESS] 2.0-2.0
2023-11-06 10:56:23.009 [main] INFO  org.example.Main - [SUBTRACTION OPERATION] [RESULT] 0.0
2023-11-06 10:56:23.009 [main] INFO  org.example.Main - END OP: Sub
2023-11-06 10:56:23.009 [main] INFO  org.example.Main - START OP: Add
2023-11-06 10:56:23.009 [main] INFO  org.example.Main - [ADDITION OPERATION] [SUCCESS] 1.0+2.0
2023-11-06 10:56:23.009 [main] INFO  org.example.Main - [ADDITION OPERATION] [RESULT] 3.0
2023-11-06 10:56:23.009 [main] INFO  org.example.Main - END OP: Add
2023-11-06 10:59:40.781 [main] INFO  org.example.Main - START OP: Add
2023-11-06 10:59:40.783 [main] INFO  org.example.Main - [ADDITION OPERATION] [SUCCESS] 1.0+2.0
2023-11-06 10:59:40.784 [main] INFO  org.example.Main - [ADDITION OPERATION] [RESULT] 3.0
2023-11-06 10:59:40.784 [main] INFO  org.example.Main - END OP: Add
2023-11-06 10:59:40.784 [main] INFO  org.example.Main - START OP: Mult
2023-11-06 10:59:40.784 [main] INFO  org.example.Main - [MULTIPLICATION OPERATION] [SUCCESS] 2.0*3.0
2023-11-06 10:59:40.785 [main] INFO  org.example.Main - [MULTIPLICATION OPERATION] [RESULT] 6.0
2023-11-06 10:59:40.785 [main] INFO  org.example.Main - END OP: Mult
2023-11-06 10:59:40.785 [main] INFO  org.example.Main - START OP: Mult
2023-11-06 10:59:40.785 [main] INFO  org.example.Main - [MULTIPLICATION OPERATION] [SUCCESS] 2.0*3.0
2023-11-06 10:59:40.785 [main] INFO  org.example.Main - [MULTIPLICATION OPERATION] [RESULT] 6.0
2023-11-06 10:59:40.785 [main] INFO  org.example.Main - END OP: Mult
2023-11-06 10:59:40.786 [main] INFO  org.example.Main - START OP: Div
2023-11-06 10:59:40.786 [main] INFO  org.example.Main - [DIVISION OPERATION] [SUCCESS] 2.0/2.0
2023-11-06 10:59:40.786 [main] INFO  org.example.Main - [DIVISION OPERATION] [RESULT] 1.0
2023-11-06 10:59:40.786 [main] INFO  org.example.Main - END OP: Div
2023-11-06 10:59:40.786 [main] INFO  org.example.Main - START OP: Div
2023-11-06 10:59:40.786 [main] INFO  org.example.Main - [DIVISION OPERATION] [SUCCESS] 2.0/2.0
2023-11-06 10:59:40.787 [main] INFO  org.example.Main - [DIVISION OPERATION] [RESULT] 1.0
2023-11-06 10:59:40.787 [main] INFO  org.example.Main - END OP: Div
2023-11-06 10:59:40.787 [main] INFO  org.example.Main - START OP: Sub
2023-11-06 10:59:40.787 [main] INFO  org.example.Main - [SUBTRACTION OPERATION] [SUCCESS] 2.0-2.0
2023-11-06 10:59:40.787 [main] INFO  org.example.Main - [SUBTRACTION OPERATION] [RESULT] 0.0
2023-11-06 10:59:40.787 [main] INFO  org.example.Main - END OP: Sub
2023-11-06 10:59:40.787 [main] INFO  org.example.Main - START OP: Sub
2023-11-06 10:59:40.787 [main] INFO  org.example.Main - [SUBTRACTION OPERATION] [SUCCESS] 2.0-2.0
2023-11-06 10:59:40.787 [main] INFO  org.example.Main - [SUBTRACTION OPERATION] [RESULT] 0.0
2023-11-06 10:59:40.787 [main] INFO  org.example.Main - END OP: Sub
2023-11-06 10:59:40.788 [main] INFO  org.example.Main - START OP: Add
2023-11-06 10:59:40.788 [main] INFO  org.example.Main - [ADDITION OPERATION] [SUCCESS] 1.0+2.0
2023-11-06 10:59:40.788 [main] INFO  org.example.Main - [ADDITION OPERATION] [RESULT] 3.0
2023-11-06 10:59:40.788 [main] INFO  org.example.Main - END OP: Add
2023-11-06 11:03:13.480 [main] INFO  org.example.Main - START OP: Add
2023-11-06 11:03:13.482 [main] INFO  org.example.Main - [ADDITION OPERATION] [SUCCESS] 1.0+2.0
2023-11-06 11:03:13.482 [main] INFO  org.example.Main - [ADDITION OPERATION] [RESULT] 3.0
2023-11-06 11:03:13.482 [main] INFO  org.example.Main - END OP: Add
2023-11-06 11:03:13.483 [main] INFO  org.example.Main - START OP: Mult
2023-11-06 11:03:13.483 [main] INFO  org.example.Main - [MULTIPLICATION OPERATION] [SUCCESS] 2.0*3.0
2023-11-06 11:03:13.483 [main] INFO  org.example.Main - [MULTIPLICATION OPERATION] [RESULT] 6.0
2023-11-06 11:03:13.483 [main] INFO  org.example.Main - END OP: Mult
2023-11-06 11:03:13.483 [main] INFO  org.example.Main - START OP: Mult
2023-11-06 11:03:13.484 [main] INFO  org.example.Main - [MULTIPLICATION OPERATION] [SUCCESS] 2.0*3.0
2023-11-06 11:03:13.484 [main] INFO  org.example.Main - [MULTIPLICATION OPERATION] [RESULT] 6.0
2023-11-06 11:03:13.484 [main] INFO  org.example.Main - END OP: Mult
2023-11-06 11:03:13.484 [main] INFO  org.example.Main - START OP: Div
2023-11-06 11:03:13.484 [main] INFO  org.example.Main - [DIVISION OPERATION] [SUCCESS] 2.0/2.0
2023-11-06 11:03:13.484 [main] INFO  org.example.Main - [DIVISION OPERATION] [RESULT] 1.0
2023-11-06 11:03:13.484 [main] INFO  org.example.Main - END OP: Div
2023-11-06 11:03:13.484 [main] INFO  org.example.Main - START OP: Div
2023-11-06 11:03:13.484 [main] INFO  org.example.Main - [DIVISION OPERATION] [SUCCESS] 2.0/2.0
2023-11-06 11:03:13.485 [main] INFO  org.example.Main - [DIVISION OPERATION] [RESULT] 1.0
2023-11-06 11:03:13.485 [main] INFO  org.example.Main - END OP: Div
2023-11-06 11:03:13.485 [main] INFO  org.example.Main - START OP: Sub
2023-11-06 11:03:13.485 [main] INFO  org.example.Main - [SUBTRACTION OPERATION] [SUCCESS] 2.0-2.0
2023-11-06 11:03:13.485 [main] INFO  org.example.Main - [SUBTRACTION OPERATION] [RESULT] 0.0
2023-11-06 11:03:13.485 [main] INFO  org.example.Main - END OP: Sub
2023-11-06 11:03:13.485 [main] INFO  org.example.Main - START OP: Sub
2023-11-06 11:03:13.485 [main] INFO  org.example.Main - [SUBTRACTION OPERATION] [SUCCESS] 2.0-2.0
2023-11-06 11:03:13.485 [main] INFO  org.example.Main - [SUBTRACTION OPERATION] [RESULT] 0.0
2023-11-06 11:03:13.485 [main] INFO  org.example.Main - END OP: Sub
2023-11-06 11:03:13.486 [main] INFO  org.example.Main - START OP: Add
2023-11-06 11:03:13.486 [main] INFO  org.example.Main - [ADDITION OPERATION] [SUCCESS] 1.0+2.0
2023-11-06 11:03:13.486 [main] INFO  org.example.Main - [ADDITION OPERATION] [RESULT] 3.0
2023-11-06 11:03:13.486 [main] INFO  org.example.Main - END OP: Add
